<?xml version="1.0" encoding="UTF-8"?>
<coverage generated="1603899437817" clover="3.2.0">
  <project timestamp="1603899437818" name="All files">
    <metrics statements="209" coveredstatements="26" conditionals="32" coveredconditionals="7" methods="79" coveredmethods="6" elements="320" coveredelements="39" complexity="0" loc="209" ncloc="209" packages="9" files="9" classes="9"/>
    <package name="components.Button">
      <metrics statements="2" coveredstatements="2" conditionals="0" coveredconditionals="0" methods="1" coveredmethods="1"/>
      <file name="index.tsx" path="/media/jorge/DEV/Workspace/goStack/fase03/appgobarber/src/components/Button/index.tsx">
        <metrics statements="2" coveredstatements="2" conditionals="0" coveredconditionals="0" methods="1" coveredmethods="1"/>
        <line num="10" count="1" type="stmt"/>
        <line num="11" count="1" type="stmt"/>
      </file>
    </package>
    <package name="components.Input">
      <metrics statements="17" coveredstatements="12" conditionals="6" coveredconditionals="5" methods="7" coveredmethods="3"/>
      <file name="index.tsx" path="/media/jorge/DEV/Workspace/goStack/fase03/appgobarber/src/components/Input/index.tsx">
        <metrics statements="17" coveredstatements="12" conditionals="6" coveredconditionals="5" methods="7" coveredmethods="3"/>
        <line num="23" count="1" type="stmt"/>
        <line num="29" count="2" type="stmt"/>
        <line num="33" count="2" type="stmt"/>
        <line num="34" count="2" type="stmt"/>
        <line num="36" count="2" type="stmt"/>
        <line num="37" count="2" type="stmt"/>
        <line num="39" count="2" type="stmt"/>
        <line num="40" count="0" type="stmt"/>
        <line num="43" count="2" type="stmt"/>
        <line num="44" count="0" type="stmt"/>
        <line num="46" count="0" type="stmt"/>
        <line num="49" count="2" type="stmt"/>
        <line num="51" count="0" type="stmt"/>
        <line num="55" count="2" type="stmt"/>
        <line num="56" count="2" type="stmt"/>
        <line num="71" count="2" type="stmt"/>
        <line num="82" count="0" type="stmt"/>
      </file>
    </package>
    <package name="hooks">
      <metrics statements="28" coveredstatements="5" conditionals="6" coveredconditionals="1" methods="7" coveredmethods="1"/>
      <file name="auth.tsx" path="/media/jorge/DEV/Workspace/goStack/fase03/appgobarber/src/hooks/auth.tsx">
        <metrics statements="28" coveredstatements="5" conditionals="6" coveredconditionals="1" methods="7" coveredmethods="1"/>
        <line num="35" count="1" type="stmt"/>
        <line num="37" count="1" type="stmt"/>
        <line num="38" count="0" type="stmt"/>
        <line num="39" count="0" type="stmt"/>
        <line num="41" count="0" type="stmt"/>
        <line num="43" count="0" type="stmt"/>
        <line num="48" count="0" type="cond" truecount="0" falsecount="4"/>
        <line num="49" count="0" type="stmt"/>
        <line num="51" count="0" type="stmt"/>
        <line num="54" count="0" type="stmt"/>
        <line num="57" count="0" type="stmt"/>
        <line num="60" count="0" type="stmt"/>
        <line num="61" count="0" type="stmt"/>
        <line num="66" count="0" type="stmt"/>
        <line num="68" count="0" type="stmt"/>
        <line num="73" count="0" type="stmt"/>
        <line num="75" count="0" type="stmt"/>
        <line num="78" count="0" type="stmt"/>
        <line num="79" count="0" type="stmt"/>
        <line num="84" count="0" type="stmt"/>
        <line num="87" count="0" type="stmt"/>
        <line num="88" count="0" type="stmt"/>
        <line num="90" count="0" type="stmt"/>
        <line num="96" count="0" type="stmt"/>
        <line num="107" count="1" type="stmt"/>
        <line num="109" count="1" type="cond" truecount="1" falsecount="1"/>
        <line num="110" count="0" type="stmt"/>
        <line num="113" count="1" type="stmt"/>
      </file>
    </package>
    <package name="pages.AppointmentCreated">
      <metrics statements="8" coveredstatements="0" conditionals="0" coveredconditionals="0" methods="3" coveredmethods="0"/>
      <file name="index.tsx" path="/media/jorge/DEV/Workspace/goStack/fase03/appgobarber/src/pages/AppointmentCreated/index.tsx">
        <metrics statements="8" coveredstatements="0" conditionals="0" coveredconditionals="0" methods="3" coveredmethods="0"/>
        <line num="19" count="0" type="stmt"/>
        <line num="20" count="0" type="stmt"/>
        <line num="21" count="0" type="stmt"/>
        <line num="23" count="0" type="stmt"/>
        <line num="25" count="0" type="stmt"/>
        <line num="26" count="0" type="stmt"/>
        <line num="34" count="0" type="stmt"/>
        <line num="41" count="0" type="stmt"/>
      </file>
    </package>
    <package name="pages.CreateAppointment">
      <metrics statements="52" coveredstatements="0" conditionals="6" coveredconditionals="0" methods="25" coveredmethods="0"/>
      <file name="index.tsx" path="/media/jorge/DEV/Workspace/goStack/fase03/appgobarber/src/pages/CreateAppointment/index.tsx">
        <metrics statements="52" coveredstatements="0" conditionals="6" coveredconditionals="0" methods="25" coveredmethods="0"/>
        <line num="56" count="0" type="stmt"/>
        <line num="57" count="0" type="stmt"/>
        <line num="58" count="0" type="stmt"/>
        <line num="59" count="0" type="stmt"/>
        <line num="61" count="0" type="stmt"/>
        <line num="63" count="0" type="stmt"/>
        <line num="64" count="0" type="stmt"/>
        <line num="65" count="0" type="stmt"/>
        <line num="66" count="0" type="stmt"/>
        <line num="67" count="0" type="stmt"/>
        <line num="68" count="0" type="stmt"/>
        <line num="72" count="0" type="stmt"/>
        <line num="73" count="0" type="stmt"/>
        <line num="74" count="0" type="stmt"/>
        <line num="78" count="0" type="stmt"/>
        <line num="79" count="0" type="stmt"/>
        <line num="86" count="0" type="stmt"/>
        <line num="90" count="0" type="stmt"/>
        <line num="91" count="0" type="stmt"/>
        <line num="94" count="0" type="stmt"/>
        <line num="95" count="0" type="stmt"/>
        <line num="98" count="0" type="stmt"/>
        <line num="99" count="0" type="stmt"/>
        <line num="102" count="0" type="stmt"/>
        <line num="104" count="0" type="cond" truecount="0" falsecount="2"/>
        <line num="105" count="0" type="stmt"/>
        <line num="108" count="0" type="cond" truecount="0" falsecount="2"/>
        <line num="109" count="0" type="stmt"/>
        <line num="114" count="0" type="stmt"/>
        <line num="115" count="0" type="stmt"/>
        <line num="118" count="0" type="stmt"/>
        <line num="119" count="0" type="stmt"/>
        <line num="120" count="0" type="stmt"/>
        <line num="122" count="0" type="stmt"/>
        <line num="123" count="0" type="stmt"/>
        <line num="125" count="0" type="stmt"/>
        <line num="130" count="0" type="stmt"/>
        <line num="132" count="0" type="stmt"/>
        <line num="139" count="0" type="stmt"/>
        <line num="140" count="0" type="stmt"/>
        <line num="141" count="0" type="stmt"/>
        <line num="147" count="0" type="stmt"/>
        <line num="148" count="0" type="stmt"/>
        <line num="149" count="0" type="stmt"/>
        <line num="155" count="0" type="stmt"/>
        <line num="173" count="0" type="stmt"/>
        <line num="175" count="0" type="stmt"/>
        <line num="176" count="0" type="stmt"/>
        <line num="214" count="0" type="stmt"/>
        <line num="219" count="0" type="stmt"/>
        <line num="231" count="0" type="stmt"/>
        <line num="236" count="0" type="stmt"/>
      </file>
    </package>
    <package name="pages.Dashboard">
      <metrics statements="14" coveredstatements="0" conditionals="0" coveredconditionals="0" methods="8" coveredmethods="0"/>
      <file name="index.tsx" path="/media/jorge/DEV/Workspace/goStack/fase03/appgobarber/src/pages/Dashboard/index.tsx">
        <metrics statements="14" coveredstatements="0" conditionals="0" coveredconditionals="0" methods="8" coveredmethods="0"/>
        <line num="32" count="0" type="stmt"/>
        <line num="33" count="0" type="stmt"/>
        <line num="35" count="0" type="stmt"/>
        <line num="36" count="0" type="stmt"/>
        <line num="38" count="0" type="stmt"/>
        <line num="39" count="0" type="stmt"/>
        <line num="40" count="0" type="stmt"/>
        <line num="44" count="0" type="stmt"/>
        <line num="45" count="0" type="stmt"/>
        <line num="48" count="0" type="stmt"/>
        <line num="49" count="0" type="stmt"/>
        <line num="52" count="0" type="stmt"/>
        <line num="68" count="0" type="stmt"/>
        <line num="73" count="0" type="stmt"/>
      </file>
    </package>
    <package name="pages.Profile">
      <metrics statements="45" coveredstatements="0" conditionals="8" coveredconditionals="0" methods="14" coveredmethods="0"/>
      <file name="index.tsx" path="/media/jorge/DEV/Workspace/goStack/fase03/appgobarber/src/pages/Profile/index.tsx">
        <metrics statements="45" coveredstatements="0" conditionals="8" coveredconditionals="0" methods="14" coveredmethods="0"/>
        <line num="39" count="0" type="stmt"/>
        <line num="40" count="0" type="stmt"/>
        <line num="42" count="0" type="stmt"/>
        <line num="43" count="0" type="stmt"/>
        <line num="45" count="0" type="stmt"/>
        <line num="46" count="0" type="stmt"/>
        <line num="47" count="0" type="stmt"/>
        <line num="48" count="0" type="stmt"/>
        <line num="50" count="0" type="stmt"/>
        <line num="51" count="0" type="stmt"/>
        <line num="52" count="0" type="stmt"/>
        <line num="54" count="0" type="stmt"/>
        <line num="62" count="0" type="stmt"/>
        <line num="68" count="0" type="stmt"/>
        <line num="78" count="0" type="stmt"/>
        <line num="84" count="0" type="stmt"/>
        <line num="86" count="0" type="stmt"/>
        <line num="96" count="0" type="stmt"/>
        <line num="98" count="0" type="stmt"/>
        <line num="100" count="0" type="stmt"/>
        <line num="104" count="0" type="stmt"/>
        <line num="106" count="0" type="stmt"/>
        <line num="108" count="0" type="stmt"/>
        <line num="110" count="0" type="stmt"/>
        <line num="113" count="0" type="stmt"/>
        <line num="119" count="0" type="stmt"/>
        <line num="120" count="0" type="stmt"/>
        <line num="126" count="0" type="cond" truecount="0" falsecount="2"/>
        <line num="127" count="0" type="stmt"/>
        <line num="130" count="0" type="cond" truecount="0" falsecount="2"/>
        <line num="131" count="0" type="stmt"/>
        <line num="132" count="0" type="stmt"/>
        <line num="135" count="0" type="stmt"/>
        <line num="137" count="0" type="stmt"/>
        <line num="143" count="0" type="stmt"/>
        <line num="144" count="0" type="stmt"/>
        <line num="149" count="0" type="stmt"/>
        <line num="150" count="0" type="stmt"/>
        <line num="153" count="0" type="stmt"/>
        <line num="188" count="0" type="stmt"/>
        <line num="201" count="0" type="stmt"/>
        <line num="214" count="0" type="stmt"/>
        <line num="227" count="0" type="stmt"/>
        <line num="239" count="0" type="stmt"/>
        <line num="242" count="0" type="stmt"/>
      </file>
    </package>
    <package name="pages.SignIn">
      <metrics statements="22" coveredstatements="7" conditionals="4" coveredconditionals="1" methods="7" coveredmethods="1"/>
      <file name="index.tsx" path="/media/jorge/DEV/Workspace/goStack/fase03/appgobarber/src/pages/SignIn/index.tsx">
        <metrics statements="22" coveredstatements="7" conditionals="4" coveredconditionals="1" methods="7" coveredmethods="1"/>
        <line num="35" count="1" type="stmt"/>
        <line num="36" count="1" type="stmt"/>
        <line num="37" count="1" type="stmt"/>
        <line num="38" count="1" type="stmt"/>
        <line num="40" count="1" type="stmt"/>
        <line num="42" count="1" type="stmt"/>
        <line num="43" count="0" type="stmt"/>
        <line num="44" count="0" type="stmt"/>
        <line num="46" count="0" type="stmt"/>
        <line num="54" count="0" type="stmt"/>
        <line num="58" count="0" type="stmt"/>
        <line num="63" count="0" type="cond" truecount="0" falsecount="2"/>
        <line num="64" count="0" type="stmt"/>
        <line num="66" count="0" type="stmt"/>
        <line num="68" count="0" type="stmt"/>
        <line num="71" count="0" type="stmt"/>
        <line num="78" count="1" type="stmt"/>
        <line num="110" count="0" type="stmt"/>
        <line num="120" count="0" type="stmt"/>
        <line num="123" count="0" type="stmt"/>
        <line num="126" count="0" type="stmt"/>
        <line num="134" count="0" type="stmt"/>
      </file>
    </package>
    <package name="pages.SignUp">
      <metrics statements="21" coveredstatements="0" conditionals="2" coveredconditionals="0" methods="7" coveredmethods="0"/>
      <file name="index.tsx" path="/media/jorge/DEV/Workspace/goStack/fase03/appgobarber/src/pages/SignUp/index.tsx">
        <metrics statements="21" coveredstatements="0" conditionals="2" coveredconditionals="0" methods="7" coveredmethods="0"/>
        <line num="34" count="0" type="stmt"/>
        <line num="35" count="0" type="stmt"/>
        <line num="36" count="0" type="stmt"/>
        <line num="38" count="0" type="stmt"/>
        <line num="39" count="0" type="stmt"/>
        <line num="41" count="0" type="stmt"/>
        <line num="42" count="0" type="stmt"/>
        <line num="43" count="0" type="stmt"/>
        <line num="45" count="0" type="stmt"/>
        <line num="55" count="0" type="stmt"/>
        <line num="59" count="0" type="stmt"/>
        <line num="61" count="0" type="stmt"/>
        <line num="66" count="0" type="stmt"/>
        <line num="68" count="0" type="stmt"/>
        <line num="70" count="0" type="stmt"/>
        <line num="74" count="0" type="stmt"/>
        <line num="104" count="0" type="stmt"/>
        <line num="117" count="0" type="stmt"/>
        <line num="128" count="0" type="stmt"/>
        <line num="131" count="0" type="stmt"/>
        <line num="138" count="0" type="stmt"/>
      </file>
    </package>
  </project>
</coverage>
