{"/media/jorge/DEV/Workspace/goStack/fase03/appgobarber/src/components/Button/index.tsx": {"path":"/media/jorge/DEV/Workspace/goStack/fase03/appgobarber/src/components/Button/index.tsx","statementMap":{"0":{"start":{"line":10,"column":38},"end":{"line":14,"column":1}},"1":{"start":{"line":11,"column":2},"end":{"line":13,"column":14}}},"fnMap":{"0":{"name":"(anonymous_0)","decl":{"start":{"line":10,"column":38},"end":{"line":10,"column":39}},"loc":{"start":{"line":11,"column":2},"end":{"line":13,"column":14}},"line":11}},"branchMap":{},"s":{"0":1,"1":1},"f":{"0":1},"b":{},"_coverageSchema":"1a1c01bbd47fc00a2c39e90264f33305004495a9","hash":"6e33500c01fcf604c35375f799832d5b4efc7254"}
,"/media/jorge/DEV/Workspace/goStack/fase03/appgobarber/src/components/Input/index.tsx": {"path":"/media/jorge/DEV/Workspace/goStack/fase03/appgobarber/src/components/Input/index.tsx","statementMap":{"0":{"start":{"line":23,"column":68},"end":{"line":88,"column":1}},"1":{"start":{"line":29,"column":26},"end":{"line":29,"column":43}},"2":{"start":{"line":33,"column":6},"end":{"line":33,"column":20}},"3":{"start":{"line":34,"column":24},"end":{"line":34,"column":76}},"4":{"start":{"line":36,"column":36},"end":{"line":36,"column":51}},"5":{"start":{"line":37,"column":34},"end":{"line":37,"column":49}},"6":{"start":{"line":39,"column":27},"end":{"line":41,"column":8}},"7":{"start":{"line":40,"column":4},"end":{"line":40,"column":23}},"8":{"start":{"line":43,"column":26},"end":{"line":47,"column":8}},"9":{"start":{"line":44,"column":4},"end":{"line":44,"column":24}},"10":{"start":{"line":46,"column":4},"end":{"line":46,"column":47}},"11":{"start":{"line":49,"column":2},"end":{"line":53,"column":6}},"12":{"start":{"line":49,"column":34},"end":{"line":53,"column":3}},"13":{"start":{"line":51,"column":6},"end":{"line":51,"column":38}},"14":{"start":{"line":55,"column":2},"end":{"line":69,"column":33}},"15":{"start":{"line":56,"column":4},"end":{"line":68,"column":7}},"16":{"start":{"line":71,"column":2},"end":{"line":87,"column":4}},"17":{"start":{"line":82,"column":10},"end":{"line":82,"column":46}}},"fnMap":{"0":{"name":"(anonymous_0)","decl":{"start":{"line":23,"column":68},"end":{"line":23,"column":69}},"loc":{"start":{"line":28,"column":5},"end":{"line":88,"column":1}},"line":28},"1":{"name":"(anonymous_1)","decl":{"start":{"line":39,"column":39},"end":{"line":39,"column":40}},"loc":{"start":{"line":39,"column":45},"end":{"line":41,"column":3}},"line":39},"2":{"name":"(anonymous_2)","decl":{"start":{"line":43,"column":38},"end":{"line":43,"column":39}},"loc":{"start":{"line":43,"column":44},"end":{"line":47,"column":3}},"line":43},"3":{"name":"(anonymous_3)","decl":{"start":{"line":49,"column":27},"end":{"line":49,"column":28}},"loc":{"start":{"line":49,"column":34},"end":{"line":53,"column":3}},"line":49},"4":{"name":"(anonymous_4)","decl":{"start":{"line":50,"column":4},"end":{"line":50,"column":5}},"loc":{"start":{"line":50,"column":12},"end":{"line":52,"column":5}},"line":50},"5":{"name":"(anonymous_5)","decl":{"start":{"line":55,"column":12},"end":{"line":55,"column":13}},"loc":{"start":{"line":55,"column":18},"end":{"line":69,"column":3}},"line":55},"6":{"name":"(anonymous_6)","decl":{"start":{"line":81,"column":22},"end":{"line":81,"column":23}},"loc":{"start":{"line":81,"column":33},"end":{"line":83,"column":9}},"line":81}},"branchMap":{"0":{"loc":{"start":{"line":25,"column":16},"end":{"line":25,"column":35}},"type":"default-arg","locations":[{"start":{"line":25,"column":33},"end":{"line":25,"column":35}}],"line":25},"1":{"loc":{"start":{"line":32,"column":19},"end":{"line":32,"column":36}},"type":"default-arg","locations":[{"start":{"line":32,"column":34},"end":{"line":32,"column":36}}],"line":32},"2":{"loc":{"start":{"line":73,"column":41},"end":{"line":73,"column":86}},"type":"cond-expr","locations":[{"start":{"line":73,"column":65},"end":{"line":73,"column":74}},{"start":{"line":73,"column":77},"end":{"line":73,"column":86}}],"line":73},"3":{"loc":{"start":{"line":73,"column":41},"end":{"line":73,"column":62}},"type":"binary-expr","locations":[{"start":{"line":73,"column":41},"end":{"line":73,"column":50}},{"start":{"line":73,"column":54},"end":{"line":73,"column":62}}],"line":73}},"s":{"0":1,"1":2,"2":2,"3":2,"4":2,"5":2,"6":2,"7":0,"8":2,"9":0,"10":0,"11":2,"12":1,"13":0,"14":2,"15":2,"16":2,"17":0},"f":{"0":2,"1":0,"2":0,"3":1,"4":0,"5":2,"6":0},"b":{"0":[2],"1":[2],"2":[0,2],"3":[2,2]},"_coverageSchema":"1a1c01bbd47fc00a2c39e90264f33305004495a9","hash":"e07861ff825a79453438febd2a4254ad0f12eb25"}
,"/media/jorge/DEV/Workspace/goStack/fase03/appgobarber/src/hooks/auth.tsx": {"path":"/media/jorge/DEV/Workspace/goStack/fase03/appgobarber/src/hooks/auth.tsx","statementMap":{"0":{"start":{"line":35,"column":20},"end":{"line":35,"column":73}},"1":{"start":{"line":37,"column":38},"end":{"line":104,"column":1}},"2":{"start":{"line":38,"column":26},"end":{"line":38,"column":62}},"3":{"start":{"line":39,"column":32},"end":{"line":39,"column":46}},"4":{"start":{"line":41,"column":2},"end":{"line":58,"column":9}},"5":{"start":{"line":43,"column":28},"end":{"line":46,"column":8}},"6":{"start":{"line":48,"column":6},"end":{"line":52,"column":7}},"7":{"start":{"line":49,"column":8},"end":{"line":49,"column":66}},"8":{"start":{"line":51,"column":8},"end":{"line":51,"column":64}},"9":{"start":{"line":54,"column":6},"end":{"line":54,"column":24}},"10":{"start":{"line":57,"column":4},"end":{"line":57,"column":22}},"11":{"start":{"line":60,"column":17},"end":{"line":76,"column":8}},"12":{"start":{"line":61,"column":21},"end":{"line":64,"column":6}},"13":{"start":{"line":66,"column":28},"end":{"line":66,"column":41}},"14":{"start":{"line":68,"column":4},"end":{"line":71,"column":7}},"15":{"start":{"line":73,"column":4},"end":{"line":73,"column":59}},"16":{"start":{"line":75,"column":4},"end":{"line":75,"column":29}},"17":{"start":{"line":78,"column":18},"end":{"line":85,"column":8}},"18":{"start":{"line":79,"column":4},"end":{"line":82,"column":7}},"19":{"start":{"line":84,"column":4},"end":{"line":84,"column":29}},"20":{"start":{"line":87,"column":21},"end":{"line":94,"column":27}},"21":{"start":{"line":88,"column":4},"end":{"line":88,"column":71}},"22":{"start":{"line":90,"column":4},"end":{"line":93,"column":7}},"23":{"start":{"line":96,"column":2},"end":{"line":103,"column":4}},"24":{"start":{"line":107,"column":18},"end":{"line":107,"column":41}},"25":{"start":{"line":109,"column":2},"end":{"line":111,"column":3}},"26":{"start":{"line":110,"column":4},"end":{"line":110,"column":67}},"27":{"start":{"line":113,"column":2},"end":{"line":113,"column":17}}},"fnMap":{"0":{"name":"(anonymous_0)","decl":{"start":{"line":37,"column":38},"end":{"line":37,"column":39}},"loc":{"start":{"line":37,"column":56},"end":{"line":104,"column":1}},"line":37},"1":{"name":"(anonymous_1)","decl":{"start":{"line":41,"column":12},"end":{"line":41,"column":13}},"loc":{"start":{"line":41,"column":18},"end":{"line":58,"column":3}},"line":41},"2":{"name":"loadStorageData","decl":{"start":{"line":42,"column":19},"end":{"line":42,"column":34}},"loc":{"start":{"line":42,"column":51},"end":{"line":55,"column":5}},"line":42},"3":{"name":"(anonymous_3)","decl":{"start":{"line":60,"column":29},"end":{"line":60,"column":30}},"loc":{"start":{"line":60,"column":60},"end":{"line":76,"column":3}},"line":60},"4":{"name":"(anonymous_4)","decl":{"start":{"line":78,"column":30},"end":{"line":78,"column":31}},"loc":{"start":{"line":78,"column":42},"end":{"line":85,"column":3}},"line":78},"5":{"name":"(anonymous_5)","decl":{"start":{"line":87,"column":33},"end":{"line":87,"column":34}},"loc":{"start":{"line":87,"column":55},"end":{"line":94,"column":3}},"line":87},"6":{"name":"useAuth","decl":{"start":{"line":106,"column":16},"end":{"line":106,"column":23}},"loc":{"start":{"line":106,"column":43},"end":{"line":114,"column":1}},"line":106}},"branchMap":{"0":{"loc":{"start":{"line":48,"column":6},"end":{"line":52,"column":7}},"type":"if","locations":[{"start":{"line":48,"column":6},"end":{"line":52,"column":7}},{"start":{"line":48,"column":6},"end":{"line":52,"column":7}}],"line":48},"1":{"loc":{"start":{"line":48,"column":10},"end":{"line":48,"column":29}},"type":"binary-expr","locations":[{"start":{"line":48,"column":10},"end":{"line":48,"column":18}},{"start":{"line":48,"column":22},"end":{"line":48,"column":29}}],"line":48},"2":{"loc":{"start":{"line":109,"column":2},"end":{"line":111,"column":3}},"type":"if","locations":[{"start":{"line":109,"column":2},"end":{"line":111,"column":3}},{"start":{"line":109,"column":2},"end":{"line":111,"column":3}}],"line":109}},"s":{"0":1,"1":1,"2":0,"3":0,"4":0,"5":0,"6":0,"7":0,"8":0,"9":0,"10":0,"11":0,"12":0,"13":0,"14":0,"15":0,"16":0,"17":0,"18":0,"19":0,"20":0,"21":0,"22":0,"23":0,"24":1,"25":1,"26":0,"27":1},"f":{"0":0,"1":0,"2":0,"3":0,"4":0,"5":0,"6":1},"b":{"0":[0,0],"1":[0,0],"2":[0,1]},"_coverageSchema":"1a1c01bbd47fc00a2c39e90264f33305004495a9","hash":"9f50b0069a35abcef63eceb1390d1e2dc0f4554b"}
,"/media/jorge/DEV/Workspace/goStack/fase03/appgobarber/src/pages/AppointmentCreated/index.tsx": {"path":"/media/jorge/DEV/Workspace/goStack/fase03/appgobarber/src/pages/AppointmentCreated/index.tsx","statementMap":{"0":{"start":{"line":19,"column":37},"end":{"line":54,"column":1}},"1":{"start":{"line":20,"column":20},"end":{"line":20,"column":35}},"2":{"start":{"line":21,"column":21},"end":{"line":21,"column":31}},"3":{"start":{"line":23,"column":22},"end":{"line":23,"column":43}},"4":{"start":{"line":25,"column":26},"end":{"line":32,"column":13}},"5":{"start":{"line":26,"column":4},"end":{"line":31,"column":7}},"6":{"start":{"line":34,"column":24},"end":{"line":39,"column":21}},"7":{"start":{"line":34,"column":38},"end":{"line":38,"column":3}},"8":{"start":{"line":41,"column":2},"end":{"line":53,"column":4}}},"fnMap":{"0":{"name":"(anonymous_0)","decl":{"start":{"line":19,"column":37},"end":{"line":19,"column":38}},"loc":{"start":{"line":19,"column":43},"end":{"line":54,"column":1}},"line":19},"1":{"name":"(anonymous_1)","decl":{"start":{"line":25,"column":38},"end":{"line":25,"column":39}},"loc":{"start":{"line":25,"column":44},"end":{"line":32,"column":3}},"line":25},"2":{"name":"(anonymous_2)","decl":{"start":{"line":34,"column":32},"end":{"line":34,"column":33}},"loc":{"start":{"line":34,"column":38},"end":{"line":38,"column":3}},"line":34}},"branchMap":{},"s":{"0":0,"1":0,"2":0,"3":0,"4":0,"5":0,"6":0,"7":0,"8":0},"f":{"0":0,"1":0,"2":0},"b":{}}
,"/media/jorge/DEV/Workspace/goStack/fase03/appgobarber/src/pages/CreateAppointment/index.tsx": {"path":"/media/jorge/DEV/Workspace/goStack/fase03/appgobarber/src/pages/CreateAppointment/index.tsx","statementMap":{"0":{"start":{"line":56,"column":36},"end":{"line":251,"column":1}},"1":{"start":{"line":57,"column":19},"end":{"line":57,"column":28}},"2":{"start":{"line":58,"column":16},"end":{"line":58,"column":26}},"3":{"start":{"line":59,"column":31},"end":{"line":59,"column":46}},"4":{"start":{"line":61,"column":22},"end":{"line":61,"column":49}},"5":{"start":{"line":63,"column":42},"end":{"line":63,"column":74}},"6":{"start":{"line":64,"column":46},"end":{"line":64,"column":61}},"7":{"start":{"line":65,"column":42},"end":{"line":65,"column":62}},"8":{"start":{"line":66,"column":42},"end":{"line":66,"column":53}},"9":{"start":{"line":67,"column":36},"end":{"line":67,"column":60}},"10":{"start":{"line":68,"column":50},"end":{"line":70,"column":3}},"11":{"start":{"line":72,"column":2},"end":{"line":76,"column":9}},"12":{"start":{"line":73,"column":4},"end":{"line":75,"column":7}},"13":{"start":{"line":74,"column":6},"end":{"line":74,"column":34}},"14":{"start":{"line":78,"column":2},"end":{"line":88,"column":39}},"15":{"start":{"line":79,"column":4},"end":{"line":87,"column":7}},"16":{"start":{"line":86,"column":6},"end":{"line":86,"column":37}},"17":{"start":{"line":90,"column":23},"end":{"line":92,"column":14}},"18":{"start":{"line":91,"column":4},"end":{"line":91,"column":13}},"19":{"start":{"line":94,"column":31},"end":{"line":96,"column":8}},"20":{"start":{"line":95,"column":4},"end":{"line":95,"column":36}},"21":{"start":{"line":98,"column":33},"end":{"line":100,"column":8}},"22":{"start":{"line":99,"column":4},"end":{"line":99,"column":41}},"23":{"start":{"line":99,"column":33},"end":{"line":99,"column":39}},"24":{"start":{"line":102,"column":28},"end":{"line":112,"column":3}},"25":{"start":{"line":104,"column":6},"end":{"line":106,"column":7}},"26":{"start":{"line":105,"column":8},"end":{"line":105,"column":33}},"27":{"start":{"line":108,"column":6},"end":{"line":110,"column":7}},"28":{"start":{"line":109,"column":8},"end":{"line":109,"column":30}},"29":{"start":{"line":114,"column":27},"end":{"line":116,"column":8}},"30":{"start":{"line":115,"column":4},"end":{"line":115,"column":26}},"31":{"start":{"line":118,"column":34},"end":{"line":137,"column":62}},"32":{"start":{"line":119,"column":4},"end":{"line":136,"column":5}},"33":{"start":{"line":120,"column":19},"end":{"line":120,"column":41}},"34":{"start":{"line":122,"column":6},"end":{"line":122,"column":34}},"35":{"start":{"line":123,"column":6},"end":{"line":123,"column":25}},"36":{"start":{"line":125,"column":6},"end":{"line":128,"column":9}},"37":{"start":{"line":130,"column":6},"end":{"line":130,"column":63}},"38":{"start":{"line":132,"column":6},"end":{"line":135,"column":8}},"39":{"start":{"line":139,"column":30},"end":{"line":145,"column":24}},"40":{"start":{"line":139,"column":44},"end":{"line":145,"column":7}},"41":{"start":{"line":140,"column":26},"end":{"line":140,"column":35}},"42":{"start":{"line":141,"column":35},"end":{"line":145,"column":5}},"43":{"start":{"line":147,"column":32},"end":{"line":153,"column":24}},"44":{"start":{"line":147,"column":46},"end":{"line":153,"column":7}},"45":{"start":{"line":148,"column":26},"end":{"line":148,"column":36}},"46":{"start":{"line":149,"column":35},"end":{"line":153,"column":5}},"47":{"start":{"line":155,"column":2},"end":{"line":250,"column":4}},"48":{"start":{"line":173,"column":40},"end":{"line":173,"column":51}},"49":{"start":{"line":175,"column":14},"end":{"line":183,"column":34}},"50":{"start":{"line":176,"column":31},"end":{"line":176,"column":64}},"51":{"start":{"line":214,"column":16},"end":{"line":222,"column":23}},"52":{"start":{"line":219,"column":33},"end":{"line":219,"column":55}},"53":{"start":{"line":231,"column":16},"end":{"line":239,"column":23}},"54":{"start":{"line":236,"column":33},"end":{"line":236,"column":55}}},"fnMap":{"0":{"name":"(anonymous_0)","decl":{"start":{"line":56,"column":36},"end":{"line":56,"column":37}},"loc":{"start":{"line":56,"column":42},"end":{"line":251,"column":1}},"line":56},"1":{"name":"(anonymous_1)","decl":{"start":{"line":72,"column":12},"end":{"line":72,"column":13}},"loc":{"start":{"line":72,"column":18},"end":{"line":76,"column":3}},"line":72},"2":{"name":"(anonymous_2)","decl":{"start":{"line":73,"column":30},"end":{"line":73,"column":31}},"loc":{"start":{"line":73,"column":44},"end":{"line":75,"column":5}},"line":73},"3":{"name":"(anonymous_3)","decl":{"start":{"line":78,"column":12},"end":{"line":78,"column":13}},"loc":{"start":{"line":78,"column":18},"end":{"line":88,"column":3}},"line":78},"4":{"name":"(anonymous_4)","decl":{"start":{"line":85,"column":12},"end":{"line":85,"column":13}},"loc":{"start":{"line":85,"column":26},"end":{"line":87,"column":5}},"line":85},"5":{"name":"(anonymous_5)","decl":{"start":{"line":90,"column":35},"end":{"line":90,"column":36}},"loc":{"start":{"line":90,"column":41},"end":{"line":92,"column":3}},"line":90},"6":{"name":"(anonymous_6)","decl":{"start":{"line":94,"column":43},"end":{"line":94,"column":44}},"loc":{"start":{"line":94,"column":67},"end":{"line":96,"column":3}},"line":94},"7":{"name":"(anonymous_7)","decl":{"start":{"line":98,"column":45},"end":{"line":98,"column":46}},"loc":{"start":{"line":98,"column":51},"end":{"line":100,"column":3}},"line":98},"8":{"name":"(anonymous_8)","decl":{"start":{"line":99,"column":22},"end":{"line":99,"column":23}},"loc":{"start":{"line":99,"column":33},"end":{"line":99,"column":39}},"line":99},"9":{"name":"(anonymous_9)","decl":{"start":{"line":103,"column":4},"end":{"line":103,"column":5}},"loc":{"start":{"line":103,"column":44},"end":{"line":111,"column":5}},"line":103},"10":{"name":"(anonymous_10)","decl":{"start":{"line":114,"column":39},"end":{"line":114,"column":40}},"loc":{"start":{"line":114,"column":57},"end":{"line":116,"column":3}},"line":114},"11":{"name":"(anonymous_11)","decl":{"start":{"line":118,"column":46},"end":{"line":118,"column":47}},"loc":{"start":{"line":118,"column":58},"end":{"line":137,"column":3}},"line":118},"12":{"name":"(anonymous_12)","decl":{"start":{"line":139,"column":38},"end":{"line":139,"column":39}},"loc":{"start":{"line":139,"column":44},"end":{"line":145,"column":7}},"line":139},"13":{"name":"(anonymous_13)","decl":{"start":{"line":140,"column":12},"end":{"line":140,"column":13}},"loc":{"start":{"line":140,"column":26},"end":{"line":140,"column":35}},"line":140},"14":{"name":"(anonymous_14)","decl":{"start":{"line":141,"column":9},"end":{"line":141,"column":10}},"loc":{"start":{"line":141,"column":35},"end":{"line":145,"column":5}},"line":141},"15":{"name":"(anonymous_15)","decl":{"start":{"line":147,"column":40},"end":{"line":147,"column":41}},"loc":{"start":{"line":147,"column":46},"end":{"line":153,"column":7}},"line":147},"16":{"name":"(anonymous_16)","decl":{"start":{"line":148,"column":12},"end":{"line":148,"column":13}},"loc":{"start":{"line":148,"column":26},"end":{"line":148,"column":36}},"line":148},"17":{"name":"(anonymous_17)","decl":{"start":{"line":149,"column":9},"end":{"line":149,"column":10}},"loc":{"start":{"line":149,"column":35},"end":{"line":153,"column":5}},"line":149},"18":{"name":"(anonymous_18)","decl":{"start":{"line":173,"column":26},"end":{"line":173,"column":27}},"loc":{"start":{"line":173,"column":40},"end":{"line":173,"column":51}},"line":173},"19":{"name":"(anonymous_19)","decl":{"start":{"line":174,"column":24},"end":{"line":174,"column":25}},"loc":{"start":{"line":175,"column":14},"end":{"line":183,"column":34}},"line":175},"20":{"name":"(anonymous_20)","decl":{"start":{"line":176,"column":25},"end":{"line":176,"column":26}},"loc":{"start":{"line":176,"column":31},"end":{"line":176,"column":64}},"line":176},"21":{"name":"(anonymous_21)","decl":{"start":{"line":213,"column":39},"end":{"line":213,"column":40}},"loc":{"start":{"line":214,"column":16},"end":{"line":222,"column":23}},"line":214},"22":{"name":"(anonymous_22)","decl":{"start":{"line":219,"column":27},"end":{"line":219,"column":28}},"loc":{"start":{"line":219,"column":33},"end":{"line":219,"column":55}},"line":219},"23":{"name":"(anonymous_23)","decl":{"start":{"line":230,"column":41},"end":{"line":230,"column":42}},"loc":{"start":{"line":231,"column":16},"end":{"line":239,"column":23}},"line":231},"24":{"name":"(anonymous_24)","decl":{"start":{"line":236,"column":27},"end":{"line":236,"column":28}},"loc":{"start":{"line":236,"column":33},"end":{"line":236,"column":55}},"line":236}},"branchMap":{"0":{"loc":{"start":{"line":104,"column":6},"end":{"line":106,"column":7}},"type":"if","locations":[{"start":{"line":104,"column":6},"end":{"line":106,"column":7}},{"start":{"line":104,"column":6},"end":{"line":106,"column":7}}],"line":104},"1":{"loc":{"start":{"line":108,"column":6},"end":{"line":110,"column":7}},"type":"if","locations":[{"start":{"line":108,"column":6},"end":{"line":110,"column":7}},{"start":{"line":108,"column":6},"end":{"line":110,"column":7}}],"line":108},"2":{"loc":{"start":{"line":196,"column":11},"end":{"line":204,"column":11}},"type":"binary-expr","locations":[{"start":{"line":196,"column":11},"end":{"line":196,"column":25}},{"start":{"line":197,"column":10},"end":{"line":203,"column":12}}],"line":196}},"s":{"0":0,"1":0,"2":0,"3":0,"4":0,"5":0,"6":0,"7":0,"8":0,"9":0,"10":0,"11":0,"12":0,"13":0,"14":0,"15":0,"16":0,"17":0,"18":0,"19":0,"20":0,"21":0,"22":0,"23":0,"24":0,"25":0,"26":0,"27":0,"28":0,"29":0,"30":0,"31":0,"32":0,"33":0,"34":0,"35":0,"36":0,"37":0,"38":0,"39":0,"40":0,"41":0,"42":0,"43":0,"44":0,"45":0,"46":0,"47":0,"48":0,"49":0,"50":0,"51":0,"52":0,"53":0,"54":0},"f":{"0":0,"1":0,"2":0,"3":0,"4":0,"5":0,"6":0,"7":0,"8":0,"9":0,"10":0,"11":0,"12":0,"13":0,"14":0,"15":0,"16":0,"17":0,"18":0,"19":0,"20":0,"21":0,"22":0,"23":0,"24":0},"b":{"0":[0,0],"1":[0,0],"2":[0,0]}}
,"/media/jorge/DEV/Workspace/goStack/fase03/appgobarber/src/pages/Dashboard/index.tsx": {"path":"/media/jorge/DEV/Workspace/goStack/fase03/appgobarber/src/pages/Dashboard/index.tsx","statementMap":{"0":{"start":{"line":32,"column":28},"end":{"line":92,"column":1}},"1":{"start":{"line":33,"column":36},"end":{"line":33,"column":60}},"2":{"start":{"line":35,"column":19},"end":{"line":35,"column":28}},"3":{"start":{"line":36,"column":23},"end":{"line":36,"column":38}},"4":{"start":{"line":38,"column":2},"end":{"line":42,"column":9}},"5":{"start":{"line":39,"column":4},"end":{"line":41,"column":7}},"6":{"start":{"line":40,"column":6},"end":{"line":40,"column":34}},"7":{"start":{"line":44,"column":28},"end":{"line":46,"column":16}},"8":{"start":{"line":45,"column":4},"end":{"line":45,"column":24}},"9":{"start":{"line":48,"column":38},"end":{"line":50,"column":16}},"10":{"start":{"line":49,"column":4},"end":{"line":49,"column":50}},"11":{"start":{"line":52,"column":2},"end":{"line":91,"column":4}},"12":{"start":{"line":68,"column":36},"end":{"line":68,"column":47}},"13":{"start":{"line":73,"column":10},"end":{"line":87,"column":30}},"14":{"start":{"line":73,"column":44},"end":{"line":73,"column":84}}},"fnMap":{"0":{"name":"(anonymous_0)","decl":{"start":{"line":32,"column":28},"end":{"line":32,"column":29}},"loc":{"start":{"line":32,"column":34},"end":{"line":92,"column":1}},"line":32},"1":{"name":"(anonymous_1)","decl":{"start":{"line":38,"column":12},"end":{"line":38,"column":13}},"loc":{"start":{"line":38,"column":18},"end":{"line":42,"column":3}},"line":38},"2":{"name":"(anonymous_2)","decl":{"start":{"line":39,"column":30},"end":{"line":39,"column":31}},"loc":{"start":{"line":39,"column":44},"end":{"line":41,"column":5}},"line":39},"3":{"name":"(anonymous_3)","decl":{"start":{"line":44,"column":40},"end":{"line":44,"column":41}},"loc":{"start":{"line":44,"column":46},"end":{"line":46,"column":3}},"line":44},"4":{"name":"(anonymous_4)","decl":{"start":{"line":48,"column":50},"end":{"line":48,"column":51}},"loc":{"start":{"line":48,"column":74},"end":{"line":50,"column":3}},"line":48},"5":{"name":"(anonymous_5)","decl":{"start":{"line":68,"column":22},"end":{"line":68,"column":23}},"loc":{"start":{"line":68,"column":36},"end":{"line":68,"column":47}},"line":68},"6":{"name":"(anonymous_6)","decl":{"start":{"line":72,"column":20},"end":{"line":72,"column":21}},"loc":{"start":{"line":73,"column":10},"end":{"line":87,"column":30}},"line":73},"7":{"name":"(anonymous_7)","decl":{"start":{"line":73,"column":38},"end":{"line":73,"column":39}},"loc":{"start":{"line":73,"column":44},"end":{"line":73,"column":84}},"line":73}},"branchMap":{},"s":{"0":0,"1":0,"2":0,"3":0,"4":0,"5":0,"6":0,"7":0,"8":0,"9":0,"10":0,"11":0,"12":0,"13":0,"14":0},"f":{"0":0,"1":0,"2":0,"3":0,"4":0,"5":0,"6":0,"7":0},"b":{}}
,"/media/jorge/DEV/Workspace/goStack/fase03/appgobarber/src/pages/Profile/index.tsx": {"path":"/media/jorge/DEV/Workspace/goStack/fase03/appgobarber/src/pages/Profile/index.tsx","statementMap":{"0":{"start":{"line":39,"column":25},"end":{"line":251,"column":1}},"1":{"start":{"line":40,"column":31},"end":{"line":40,"column":40}},"2":{"start":{"line":42,"column":18},"end":{"line":42,"column":43}},"3":{"start":{"line":43,"column":21},"end":{"line":43,"column":36}},"4":{"start":{"line":45,"column":24},"end":{"line":45,"column":47}},"5":{"start":{"line":46,"column":30},"end":{"line":46,"column":53}},"6":{"start":{"line":47,"column":27},"end":{"line":47,"column":50}},"7":{"start":{"line":48,"column":34},"end":{"line":48,"column":57}},"8":{"start":{"line":50,"column":23},"end":{"line":117,"column":30}},"9":{"start":{"line":51,"column":4},"end":{"line":111,"column":5}},"10":{"start":{"line":52,"column":6},"end":{"line":52,"column":37}},"11":{"start":{"line":54,"column":21},"end":{"line":76,"column":8}},"12":{"start":{"line":62,"column":23},"end":{"line":62,"column":35}},"13":{"start":{"line":68,"column":25},"end":{"line":68,"column":37}},"14":{"start":{"line":78,"column":6},"end":{"line":80,"column":9}},"15":{"start":{"line":84,"column":10},"end":{"line":84,"column":14}},"16":{"start":{"line":86,"column":23},"end":{"line":94,"column":7}},"17":{"start":{"line":96,"column":23},"end":{"line":96,"column":58}},"18":{"start":{"line":98,"column":6},"end":{"line":98,"column":32}},"19":{"start":{"line":100,"column":6},"end":{"line":102,"column":8}},"20":{"start":{"line":104,"column":6},"end":{"line":104,"column":26}},"21":{"start":{"line":106,"column":21},"end":{"line":106,"column":45}},"22":{"start":{"line":108,"column":6},"end":{"line":108,"column":41}},"23":{"start":{"line":110,"column":6},"end":{"line":110,"column":13}},"24":{"start":{"line":113,"column":4},"end":{"line":116,"column":6}},"25":{"start":{"line":119,"column":29},"end":{"line":147,"column":27}},"26":{"start":{"line":120,"column":4},"end":{"line":146,"column":7}},"27":{"start":{"line":126,"column":6},"end":{"line":128,"column":7}},"28":{"start":{"line":127,"column":8},"end":{"line":127,"column":15}},"29":{"start":{"line":130,"column":6},"end":{"line":133,"column":7}},"30":{"start":{"line":131,"column":8},"end":{"line":131,"column":53}},"31":{"start":{"line":132,"column":8},"end":{"line":132,"column":15}},"32":{"start":{"line":135,"column":19},"end":{"line":135,"column":33}},"33":{"start":{"line":137,"column":6},"end":{"line":141,"column":9}},"34":{"start":{"line":143,"column":6},"end":{"line":145,"column":9}},"35":{"start":{"line":144,"column":8},"end":{"line":144,"column":37}},"36":{"start":{"line":149,"column":23},"end":{"line":151,"column":18}},"37":{"start":{"line":150,"column":4},"end":{"line":150,"column":24}},"38":{"start":{"line":153,"column":2},"end":{"line":250,"column":4}},"39":{"start":{"line":188,"column":18},"end":{"line":188,"column":49}},"40":{"start":{"line":201,"column":18},"end":{"line":201,"column":55}},"41":{"start":{"line":214,"column":18},"end":{"line":214,"column":52}},"42":{"start":{"line":227,"column":18},"end":{"line":227,"column":59}},"43":{"start":{"line":239,"column":39},"end":{"line":239,"column":68}},"44":{"start":{"line":242,"column":37},"end":{"line":242,"column":66}}},"fnMap":{"0":{"name":"(anonymous_0)","decl":{"start":{"line":39,"column":25},"end":{"line":39,"column":26}},"loc":{"start":{"line":39,"column":31},"end":{"line":251,"column":1}},"line":39},"1":{"name":"(anonymous_1)","decl":{"start":{"line":50,"column":35},"end":{"line":50,"column":36}},"loc":{"start":{"line":50,"column":68},"end":{"line":117,"column":3}},"line":50},"2":{"name":"(anonymous_2)","decl":{"start":{"line":62,"column":14},"end":{"line":62,"column":15}},"loc":{"start":{"line":62,"column":23},"end":{"line":62,"column":35}},"line":62},"3":{"name":"(anonymous_3)","decl":{"start":{"line":68,"column":16},"end":{"line":68,"column":17}},"loc":{"start":{"line":68,"column":25},"end":{"line":68,"column":37}},"line":68},"4":{"name":"(anonymous_4)","decl":{"start":{"line":119,"column":41},"end":{"line":119,"column":42}},"loc":{"start":{"line":119,"column":47},"end":{"line":147,"column":3}},"line":119},"5":{"name":"(anonymous_5)","decl":{"start":{"line":125,"column":7},"end":{"line":125,"column":8}},"loc":{"start":{"line":125,"column":21},"end":{"line":146,"column":5}},"line":125},"6":{"name":"(anonymous_6)","decl":{"start":{"line":143,"column":43},"end":{"line":143,"column":44}},"loc":{"start":{"line":143,"column":60},"end":{"line":145,"column":7}},"line":143},"7":{"name":"(anonymous_7)","decl":{"start":{"line":149,"column":35},"end":{"line":149,"column":36}},"loc":{"start":{"line":149,"column":41},"end":{"line":151,"column":3}},"line":149},"8":{"name":"(anonymous_8)","decl":{"start":{"line":187,"column":33},"end":{"line":187,"column":34}},"loc":{"start":{"line":187,"column":39},"end":{"line":189,"column":17}},"line":187},"9":{"name":"(anonymous_9)","decl":{"start":{"line":200,"column":33},"end":{"line":200,"column":34}},"loc":{"start":{"line":200,"column":39},"end":{"line":202,"column":17}},"line":200},"10":{"name":"(anonymous_10)","decl":{"start":{"line":213,"column":33},"end":{"line":213,"column":34}},"loc":{"start":{"line":213,"column":39},"end":{"line":215,"column":17}},"line":213},"11":{"name":"(anonymous_11)","decl":{"start":{"line":226,"column":33},"end":{"line":226,"column":34}},"loc":{"start":{"line":226,"column":39},"end":{"line":228,"column":17}},"line":226},"12":{"name":"(anonymous_12)","decl":{"start":{"line":239,"column":33},"end":{"line":239,"column":34}},"loc":{"start":{"line":239,"column":39},"end":{"line":239,"column":68}},"line":239},"13":{"name":"(anonymous_13)","decl":{"start":{"line":242,"column":31},"end":{"line":242,"column":32}},"loc":{"start":{"line":242,"column":37},"end":{"line":242,"column":66}},"line":242}},"branchMap":{"0":{"loc":{"start":{"line":89,"column":12},"end":{"line":93,"column":14}},"type":"cond-expr","locations":[{"start":{"line":89,"column":27},"end":{"line":93,"column":9}},{"start":{"line":93,"column":12},"end":{"line":93,"column":14}}],"line":89},"1":{"loc":{"start":{"line":126,"column":6},"end":{"line":128,"column":7}},"type":"if","locations":[{"start":{"line":126,"column":6},"end":{"line":128,"column":7}},{"start":{"line":126,"column":6},"end":{"line":128,"column":7}}],"line":126},"2":{"loc":{"start":{"line":130,"column":6},"end":{"line":133,"column":7}},"type":"if","locations":[{"start":{"line":130,"column":6},"end":{"line":133,"column":7}},{"start":{"line":130,"column":6},"end":{"line":133,"column":7}}],"line":130},"3":{"loc":{"start":{"line":157,"column":18},"end":{"line":157,"column":63}},"type":"cond-expr","locations":[{"start":{"line":157,"column":42},"end":{"line":157,"column":51}},{"start":{"line":157,"column":54},"end":{"line":157,"column":63}}],"line":157}},"s":{"0":0,"1":0,"2":0,"3":0,"4":0,"5":0,"6":0,"7":0,"8":0,"9":0,"10":0,"11":0,"12":0,"13":0,"14":0,"15":0,"16":0,"17":0,"18":0,"19":0,"20":0,"21":0,"22":0,"23":0,"24":0,"25":0,"26":0,"27":0,"28":0,"29":0,"30":0,"31":0,"32":0,"33":0,"34":0,"35":0,"36":0,"37":0,"38":0,"39":0,"40":0,"41":0,"42":0,"43":0,"44":0},"f":{"0":0,"1":0,"2":0,"3":0,"4":0,"5":0,"6":0,"7":0,"8":0,"9":0,"10":0,"11":0,"12":0,"13":0},"b":{"0":[0,0],"1":[0,0],"2":[0,0],"3":[0,0]}}
,"/media/jorge/DEV/Workspace/goStack/fase03/appgobarber/src/pages/SignIn/index.tsx": {"path":"/media/jorge/DEV/Workspace/goStack/fase03/appgobarber/src/pages/SignIn/index.tsx","statementMap":{"0":{"start":{"line":35,"column":25},"end":{"line":140,"column":1}},"1":{"start":{"line":36,"column":18},"end":{"line":36,"column":43}},"2":{"start":{"line":37,"column":27},"end":{"line":37,"column":50}},"3":{"start":{"line":38,"column":21},"end":{"line":38,"column":36}},"4":{"start":{"line":40,"column":21},"end":{"line":40,"column":30}},"5":{"start":{"line":42,"column":23},"end":{"line":76,"column":14}},"6":{"start":{"line":43,"column":4},"end":{"line":75,"column":5}},"7":{"start":{"line":44,"column":6},"end":{"line":44,"column":37}},"8":{"start":{"line":46,"column":21},"end":{"line":52,"column":8}},"9":{"start":{"line":54,"column":6},"end":{"line":56,"column":9}},"10":{"start":{"line":58,"column":6},"end":{"line":61,"column":9}},"11":{"start":{"line":63,"column":6},"end":{"line":69,"column":7}},"12":{"start":{"line":64,"column":23},"end":{"line":64,"column":47}},"13":{"start":{"line":66,"column":8},"end":{"line":66,"column":43}},"14":{"start":{"line":68,"column":8},"end":{"line":68,"column":15}},"15":{"start":{"line":71,"column":6},"end":{"line":74,"column":8}},"16":{"start":{"line":78,"column":2},"end":{"line":139,"column":4}},"17":{"start":{"line":110,"column":18},"end":{"line":110,"column":52}},"18":{"start":{"line":120,"column":41},"end":{"line":120,"column":71}},"19":{"start":{"line":123,"column":39},"end":{"line":123,"column":69}},"20":{"start":{"line":126,"column":45},"end":{"line":126,"column":64}},"21":{"start":{"line":134,"column":42},"end":{"line":134,"column":71}}},"fnMap":{"0":{"name":"(anonymous_0)","decl":{"start":{"line":35,"column":25},"end":{"line":35,"column":26}},"loc":{"start":{"line":35,"column":31},"end":{"line":140,"column":1}},"line":35},"1":{"name":"(anonymous_1)","decl":{"start":{"line":42,"column":35},"end":{"line":42,"column":36}},"loc":{"start":{"line":42,"column":67},"end":{"line":76,"column":3}},"line":42},"2":{"name":"(anonymous_2)","decl":{"start":{"line":109,"column":33},"end":{"line":109,"column":34}},"loc":{"start":{"line":109,"column":39},"end":{"line":111,"column":17}},"line":109},"3":{"name":"(anonymous_3)","decl":{"start":{"line":120,"column":33},"end":{"line":120,"column":34}},"loc":{"start":{"line":120,"column":39},"end":{"line":120,"column":73}},"line":120},"4":{"name":"(anonymous_4)","decl":{"start":{"line":123,"column":31},"end":{"line":123,"column":32}},"loc":{"start":{"line":123,"column":37},"end":{"line":123,"column":71}},"line":123},"5":{"name":"(anonymous_5)","decl":{"start":{"line":126,"column":37},"end":{"line":126,"column":38}},"loc":{"start":{"line":126,"column":43},"end":{"line":126,"column":66}},"line":126},"6":{"name":"(anonymous_6)","decl":{"start":{"line":134,"column":36},"end":{"line":134,"column":37}},"loc":{"start":{"line":134,"column":42},"end":{"line":134,"column":71}},"line":134}},"branchMap":{"0":{"loc":{"start":{"line":63,"column":6},"end":{"line":69,"column":7}},"type":"if","locations":[{"start":{"line":63,"column":6},"end":{"line":69,"column":7}},{"start":{"line":63,"column":6},"end":{"line":69,"column":7}}],"line":63},"1":{"loc":{"start":{"line":82,"column":18},"end":{"line":82,"column":63}},"type":"cond-expr","locations":[{"start":{"line":82,"column":42},"end":{"line":82,"column":51}},{"start":{"line":82,"column":54},"end":{"line":82,"column":63}}],"line":82}},"s":{"0":1,"1":1,"2":1,"3":1,"4":1,"5":1,"6":0,"7":0,"8":0,"9":0,"10":0,"11":0,"12":0,"13":0,"14":0,"15":0,"16":1,"17":0,"18":0,"19":0,"20":0,"21":0},"f":{"0":1,"1":0,"2":0,"3":0,"4":0,"5":0,"6":0},"b":{"0":[0,0],"1":[1,0]},"_coverageSchema":"1a1c01bbd47fc00a2c39e90264f33305004495a9","hash":"896846a891470e20ae9b1b7834186ebeaa92cfb1"}
,"/media/jorge/DEV/Workspace/goStack/fase03/appgobarber/src/pages/SignUp/index.tsx": {"path":"/media/jorge/DEV/Workspace/goStack/fase03/appgobarber/src/pages/SignUp/index.tsx","statementMap":{"0":{"start":{"line":34,"column":25},"end":{"line":144,"column":1}},"1":{"start":{"line":35,"column":18},"end":{"line":35,"column":43}},"2":{"start":{"line":36,"column":21},"end":{"line":36,"column":36}},"3":{"start":{"line":38,"column":24},"end":{"line":38,"column":47}},"4":{"start":{"line":39,"column":27},"end":{"line":39,"column":50}},"5":{"start":{"line":41,"column":23},"end":{"line":72,"column":18}},"6":{"start":{"line":42,"column":4},"end":{"line":71,"column":5}},"7":{"start":{"line":43,"column":6},"end":{"line":43,"column":37}},"8":{"start":{"line":45,"column":21},"end":{"line":53,"column":8}},"9":{"start":{"line":55,"column":6},"end":{"line":57,"column":9}},"10":{"start":{"line":59,"column":6},"end":{"line":59,"column":37}},"11":{"start":{"line":61,"column":6},"end":{"line":64,"column":8}},"12":{"start":{"line":66,"column":6},"end":{"line":66,"column":36}},"13":{"start":{"line":68,"column":21},"end":{"line":68,"column":45}},"14":{"start":{"line":70,"column":6},"end":{"line":70,"column":41}},"15":{"start":{"line":74,"column":2},"end":{"line":143,"column":4}},"16":{"start":{"line":104,"column":18},"end":{"line":104,"column":49}},"17":{"start":{"line":117,"column":18},"end":{"line":117,"column":52}},"18":{"start":{"line":128,"column":39},"end":{"line":128,"column":68}},"19":{"start":{"line":131,"column":37},"end":{"line":131,"column":66}},"20":{"start":{"line":138,"column":37},"end":{"line":138,"column":57}}},"fnMap":{"0":{"name":"(anonymous_0)","decl":{"start":{"line":34,"column":25},"end":{"line":34,"column":26}},"loc":{"start":{"line":34,"column":31},"end":{"line":144,"column":1}},"line":34},"1":{"name":"(anonymous_1)","decl":{"start":{"line":41,"column":35},"end":{"line":41,"column":36}},"loc":{"start":{"line":41,"column":67},"end":{"line":72,"column":3}},"line":41},"2":{"name":"(anonymous_2)","decl":{"start":{"line":103,"column":33},"end":{"line":103,"column":34}},"loc":{"start":{"line":103,"column":39},"end":{"line":105,"column":17}},"line":103},"3":{"name":"(anonymous_3)","decl":{"start":{"line":116,"column":33},"end":{"line":116,"column":34}},"loc":{"start":{"line":116,"column":39},"end":{"line":118,"column":17}},"line":116},"4":{"name":"(anonymous_4)","decl":{"start":{"line":128,"column":33},"end":{"line":128,"column":34}},"loc":{"start":{"line":128,"column":39},"end":{"line":128,"column":68}},"line":128},"5":{"name":"(anonymous_5)","decl":{"start":{"line":131,"column":31},"end":{"line":131,"column":32}},"loc":{"start":{"line":131,"column":37},"end":{"line":131,"column":66}},"line":131},"6":{"name":"(anonymous_6)","decl":{"start":{"line":138,"column":29},"end":{"line":138,"column":30}},"loc":{"start":{"line":138,"column":35},"end":{"line":138,"column":59}},"line":138}},"branchMap":{"0":{"loc":{"start":{"line":78,"column":18},"end":{"line":78,"column":63}},"type":"cond-expr","locations":[{"start":{"line":78,"column":42},"end":{"line":78,"column":51}},{"start":{"line":78,"column":54},"end":{"line":78,"column":63}}],"line":78}},"s":{"0":0,"1":0,"2":0,"3":0,"4":0,"5":0,"6":0,"7":0,"8":0,"9":0,"10":0,"11":0,"12":0,"13":0,"14":0,"15":0,"16":0,"17":0,"18":0,"19":0,"20":0},"f":{"0":0,"1":0,"2":0,"3":0,"4":0,"5":0,"6":0},"b":{"0":[0,0]}}
}
