TN:
SF:src/components/Button/index.tsx
FN:10,(anonymous_0)
FNF:1
FNH:1
FNDA:1,(anonymous_0)
DA:10,1
DA:11,1
LF:2
LH:2
BRF:0
BRH:0
end_of_record
TN:
SF:src/components/Input/index.tsx
FN:23,(anonymous_0)
FN:39,(anonymous_1)
FN:43,(anonymous_2)
FN:49,(anonymous_3)
FN:50,(anonymous_4)
FN:55,(anonymous_5)
FN:81,(anonymous_6)
FNF:7
FNH:3
FNDA:2,(anonymous_0)
FNDA:0,(anonymous_1)
FNDA:0,(anonymous_2)
FNDA:1,(anonymous_3)
FNDA:0,(anonymous_4)
FNDA:2,(anonymous_5)
FNDA:0,(anonymous_6)
DA:23,1
DA:29,2
DA:33,2
DA:34,2
DA:36,2
DA:37,2
DA:39,2
DA:40,0
DA:43,2
DA:44,0
DA:46,0
DA:49,2
DA:51,0
DA:55,2
DA:56,2
DA:71,2
DA:82,0
LF:17
LH:12
BRDA:25,0,0,2
BRDA:32,1,0,2
BRDA:73,2,0,0
BRDA:73,2,1,2
BRDA:73,3,0,2
BRDA:73,3,1,2
BRF:6
BRH:5
end_of_record
TN:
SF:src/hooks/auth.tsx
FN:37,(anonymous_0)
FN:41,(anonymous_1)
FN:42,loadStorageData
FN:60,(anonymous_3)
FN:78,(anonymous_4)
FN:87,(anonymous_5)
FN:106,useAuth
FNF:7
FNH:1
FNDA:0,(anonymous_0)
FNDA:0,(anonymous_1)
FNDA:0,loadStorageData
FNDA:0,(anonymous_3)
FNDA:0,(anonymous_4)
FNDA:0,(anonymous_5)
FNDA:1,useAuth
DA:35,1
DA:37,1
DA:38,0
DA:39,0
DA:41,0
DA:43,0
DA:48,0
DA:49,0
DA:51,0
DA:54,0
DA:57,0
DA:60,0
DA:61,0
DA:66,0
DA:68,0
DA:73,0
DA:75,0
DA:78,0
DA:79,0
DA:84,0
DA:87,0
DA:88,0
DA:90,0
DA:96,0
DA:107,1
DA:109,1
DA:110,0
DA:113,1
LF:28
LH:5
BRDA:48,0,0,0
BRDA:48,0,1,0
BRDA:48,1,0,0
BRDA:48,1,1,0
BRDA:109,2,0,0
BRDA:109,2,1,1
BRF:6
BRH:1
end_of_record
TN:
SF:src/pages/AppointmentCreated/index.tsx
FN:19,(anonymous_0)
FN:25,(anonymous_1)
FN:34,(anonymous_2)
FNF:3
FNH:0
FNDA:0,(anonymous_0)
FNDA:0,(anonymous_1)
FNDA:0,(anonymous_2)
DA:19,0
DA:20,0
DA:21,0
DA:23,0
DA:25,0
DA:26,0
DA:34,0
DA:41,0
LF:8
LH:0
BRF:0
BRH:0
end_of_record
TN:
SF:src/pages/CreateAppointment/index.tsx
FN:56,(anonymous_0)
FN:72,(anonymous_1)
FN:73,(anonymous_2)
FN:78,(anonymous_3)
FN:85,(anonymous_4)
FN:90,(anonymous_5)
FN:94,(anonymous_6)
FN:98,(anonymous_7)
FN:99,(anonymous_8)
FN:103,(anonymous_9)
FN:114,(anonymous_10)
FN:118,(anonymous_11)
FN:139,(anonymous_12)
FN:140,(anonymous_13)
FN:141,(anonymous_14)
FN:147,(anonymous_15)
FN:148,(anonymous_16)
FN:149,(anonymous_17)
FN:173,(anonymous_18)
FN:174,(anonymous_19)
FN:176,(anonymous_20)
FN:213,(anonymous_21)
FN:219,(anonymous_22)
FN:230,(anonymous_23)
FN:236,(anonymous_24)
FNF:25
FNH:0
FNDA:0,(anonymous_0)
FNDA:0,(anonymous_1)
FNDA:0,(anonymous_2)
FNDA:0,(anonymous_3)
FNDA:0,(anonymous_4)
FNDA:0,(anonymous_5)
FNDA:0,(anonymous_6)
FNDA:0,(anonymous_7)
FNDA:0,(anonymous_8)
FNDA:0,(anonymous_9)
FNDA:0,(anonymous_10)
FNDA:0,(anonymous_11)
FNDA:0,(anonymous_12)
FNDA:0,(anonymous_13)
FNDA:0,(anonymous_14)
FNDA:0,(anonymous_15)
FNDA:0,(anonymous_16)
FNDA:0,(anonymous_17)
FNDA:0,(anonymous_18)
FNDA:0,(anonymous_19)
FNDA:0,(anonymous_20)
FNDA:0,(anonymous_21)
FNDA:0,(anonymous_22)
FNDA:0,(anonymous_23)
FNDA:0,(anonymous_24)
DA:56,0
DA:57,0
DA:58,0
DA:59,0
DA:61,0
DA:63,0
DA:64,0
DA:65,0
DA:66,0
DA:67,0
DA:68,0
DA:72,0
DA:73,0
DA:74,0
DA:78,0
DA:79,0
DA:86,0
DA:90,0
DA:91,0
DA:94,0
DA:95,0
DA:98,0
DA:99,0
DA:102,0
DA:104,0
DA:105,0
DA:108,0
DA:109,0
DA:114,0
DA:115,0
DA:118,0
DA:119,0
DA:120,0
DA:122,0
DA:123,0
DA:125,0
DA:130,0
DA:132,0
DA:139,0
DA:140,0
DA:141,0
DA:147,0
DA:148,0
DA:149,0
DA:155,0
DA:173,0
DA:175,0
DA:176,0
DA:214,0
DA:219,0
DA:231,0
DA:236,0
LF:52
LH:0
BRDA:104,0,0,0
BRDA:104,0,1,0
BRDA:108,1,0,0
BRDA:108,1,1,0
BRDA:196,2,0,0
BRDA:196,2,1,0
BRF:6
BRH:0
end_of_record
TN:
SF:src/pages/Dashboard/index.tsx
FN:32,(anonymous_0)
FN:38,(anonymous_1)
FN:39,(anonymous_2)
FN:44,(anonymous_3)
FN:48,(anonymous_4)
FN:68,(anonymous_5)
FN:72,(anonymous_6)
FN:73,(anonymous_7)
FNF:8
FNH:0
FNDA:0,(anonymous_0)
FNDA:0,(anonymous_1)
FNDA:0,(anonymous_2)
FNDA:0,(anonymous_3)
FNDA:0,(anonymous_4)
FNDA:0,(anonymous_5)
FNDA:0,(anonymous_6)
FNDA:0,(anonymous_7)
DA:32,0
DA:33,0
DA:35,0
DA:36,0
DA:38,0
DA:39,0
DA:40,0
DA:44,0
DA:45,0
DA:48,0
DA:49,0
DA:52,0
DA:68,0
DA:73,0
LF:14
LH:0
BRF:0
BRH:0
end_of_record
TN:
SF:src/pages/Profile/index.tsx
FN:39,(anonymous_0)
FN:50,(anonymous_1)
FN:62,(anonymous_2)
FN:68,(anonymous_3)
FN:119,(anonymous_4)
FN:125,(anonymous_5)
FN:143,(anonymous_6)
FN:149,(anonymous_7)
FN:187,(anonymous_8)
FN:200,(anonymous_9)
FN:213,(anonymous_10)
FN:226,(anonymous_11)
FN:239,(anonymous_12)
FN:242,(anonymous_13)
FNF:14
FNH:0
FNDA:0,(anonymous_0)
FNDA:0,(anonymous_1)
FNDA:0,(anonymous_2)
FNDA:0,(anonymous_3)
FNDA:0,(anonymous_4)
FNDA:0,(anonymous_5)
FNDA:0,(anonymous_6)
FNDA:0,(anonymous_7)
FNDA:0,(anonymous_8)
FNDA:0,(anonymous_9)
FNDA:0,(anonymous_10)
FNDA:0,(anonymous_11)
FNDA:0,(anonymous_12)
FNDA:0,(anonymous_13)
DA:39,0
DA:40,0
DA:42,0
DA:43,0
DA:45,0
DA:46,0
DA:47,0
DA:48,0
DA:50,0
DA:51,0
DA:52,0
DA:54,0
DA:62,0
DA:68,0
DA:78,0
DA:84,0
DA:86,0
DA:96,0
DA:98,0
DA:100,0
DA:104,0
DA:106,0
DA:108,0
DA:110,0
DA:113,0
DA:119,0
DA:120,0
DA:126,0
DA:127,0
DA:130,0
DA:131,0
DA:132,0
DA:135,0
DA:137,0
DA:143,0
DA:144,0
DA:149,0
DA:150,0
DA:153,0
DA:188,0
DA:201,0
DA:214,0
DA:227,0
DA:239,0
DA:242,0
LF:45
LH:0
BRDA:89,0,0,0
BRDA:89,0,1,0
BRDA:126,1,0,0
BRDA:126,1,1,0
BRDA:130,2,0,0
BRDA:130,2,1,0
BRDA:157,3,0,0
BRDA:157,3,1,0
BRF:8
BRH:0
end_of_record
TN:
SF:src/pages/SignIn/index.tsx
FN:35,(anonymous_0)
FN:42,(anonymous_1)
FN:109,(anonymous_2)
FN:120,(anonymous_3)
FN:123,(anonymous_4)
FN:126,(anonymous_5)
FN:134,(anonymous_6)
FNF:7
FNH:1
FNDA:1,(anonymous_0)
FNDA:0,(anonymous_1)
FNDA:0,(anonymous_2)
FNDA:0,(anonymous_3)
FNDA:0,(anonymous_4)
FNDA:0,(anonymous_5)
FNDA:0,(anonymous_6)
DA:35,1
DA:36,1
DA:37,1
DA:38,1
DA:40,1
DA:42,1
DA:43,0
DA:44,0
DA:46,0
DA:54,0
DA:58,0
DA:63,0
DA:64,0
DA:66,0
DA:68,0
DA:71,0
DA:78,1
DA:110,0
DA:120,0
DA:123,0
DA:126,0
DA:134,0
LF:22
LH:7
BRDA:63,0,0,0
BRDA:63,0,1,0
BRDA:82,1,0,1
BRDA:82,1,1,0
BRF:4
BRH:1
end_of_record
TN:
SF:src/pages/SignUp/index.tsx
FN:34,(anonymous_0)
FN:41,(anonymous_1)
FN:103,(anonymous_2)
FN:116,(anonymous_3)
FN:128,(anonymous_4)
FN:131,(anonymous_5)
FN:138,(anonymous_6)
FNF:7
FNH:0
FNDA:0,(anonymous_0)
FNDA:0,(anonymous_1)
FNDA:0,(anonymous_2)
FNDA:0,(anonymous_3)
FNDA:0,(anonymous_4)
FNDA:0,(anonymous_5)
FNDA:0,(anonymous_6)
DA:34,0
DA:35,0
DA:36,0
DA:38,0
DA:39,0
DA:41,0
DA:42,0
DA:43,0
DA:45,0
DA:55,0
DA:59,0
DA:61,0
DA:66,0
DA:68,0
DA:70,0
DA:74,0
DA:104,0
DA:117,0
DA:128,0
DA:131,0
DA:138,0
LF:21
LH:0
BRDA:78,0,0,0
BRDA:78,0,1,0
BRF:2
BRH:0
end_of_record
